CRITICAL - 2020-10-12 02:14:11 --> syntax error, unexpected '}', expecting ';' or ','
#0 /home/phormulaone1/piccadilly.kanamon.com/system/Autoloader/Autoloader.php(296): CodeIgniter\Autoloader\Autoloader->requireFile('/home/phormulao...')
#1 /home/phormulaone1/piccadilly.kanamon.com/system/Autoloader/Autoloader.php(258): CodeIgniter\Autoloader\Autoloader->loadInNamespace('App\\Controllers...')
#2 [internal function]: CodeIgniter\Autoloader\Autoloader->loadClass('App\\Controllers...')
#3 [internal function]: spl_autoload_call('App\\Controllers...')
#4 /home/phormulaone1/piccadilly.kanamon.com/system/CodeIgniter.php(869): class_exists('\\App\\Controller...', true)
#5 /home/phormulaone1/piccadilly.kanamon.com/system/CodeIgniter.php(394): CodeIgniter\CodeIgniter->startController()
#6 /home/phormulaone1/piccadilly.kanamon.com/system/CodeIgniter.php(312): CodeIgniter\CodeIgniter->handleRequest(NULL, Object(Config\Cache), false)
#7 /home/phormulaone1/piccadilly.kanamon.com/public/index.php(45): CodeIgniter\CodeIgniter->run()
#8 {main}
CRITICAL - 2020-10-12 02:14:14 --> syntax error, unexpected '}', expecting ';' or ','
#0 /home/phormulaone1/piccadilly.kanamon.com/system/Autoloader/Autoloader.php(296): CodeIgniter\Autoloader\Autoloader->requireFile('/home/phormulao...')
#1 /home/phormulaone1/piccadilly.kanamon.com/system/Autoloader/Autoloader.php(258): CodeIgniter\Autoloader\Autoloader->loadInNamespace('App\\Controllers...')
#2 [internal function]: CodeIgniter\Autoloader\Autoloader->loadClass('App\\Controllers...')
#3 [internal function]: spl_autoload_call('App\\Controllers...')
#4 /home/phormulaone1/piccadilly.kanamon.com/system/CodeIgniter.php(869): class_exists('\\App\\Controller...', true)
#5 /home/phormulaone1/piccadilly.kanamon.com/system/CodeIgniter.php(394): CodeIgniter\CodeIgniter->startController()
#6 /home/phormulaone1/piccadilly.kanamon.com/system/CodeIgniter.php(312): CodeIgniter\CodeIgniter->handleRequest(NULL, Object(Config\Cache), false)
#7 /home/phormulaone1/piccadilly.kanamon.com/public/index.php(45): CodeIgniter\CodeIgniter->run()
#8 {main}
CRITICAL - 2020-10-12 02:14:21 --> syntax error, unexpected '}', expecting ';' or ','
#0 /home/phormulaone1/piccadilly.kanamon.com/system/Autoloader/Autoloader.php(296): CodeIgniter\Autoloader\Autoloader->requireFile('/home/phormulao...')
#1 /home/phormulaone1/piccadilly.kanamon.com/system/Autoloader/Autoloader.php(258): CodeIgniter\Autoloader\Autoloader->loadInNamespace('App\\Controllers...')
#2 [internal function]: CodeIgniter\Autoloader\Autoloader->loadClass('App\\Controllers...')
#3 [internal function]: spl_autoload_call('App\\Controllers...')
#4 /home/phormulaone1/piccadilly.kanamon.com/system/CodeIgniter.php(869): class_exists('\\App\\Controller...', true)
#5 /home/phormulaone1/piccadilly.kanamon.com/system/CodeIgniter.php(394): CodeIgniter\CodeIgniter->startController()
#6 /home/phormulaone1/piccadilly.kanamon.com/system/CodeIgniter.php(312): CodeIgniter\CodeIgniter->handleRequest(NULL, Object(Config\Cache), false)
#7 /home/phormulaone1/piccadilly.kanamon.com/public/index.php(45): CodeIgniter\CodeIgniter->run()
#8 {main}
CRITICAL - 2020-10-12 02:26:23 --> syntax error, unexpected 'where' (T_STRING), expecting ';'
#0 /home/phormulaone1/piccadilly.kanamon.com/system/Autoloader/Autoloader.php(296): CodeIgniter\Autoloader\Autoloader->requireFile('/home/phormulao...')
#1 /home/phormulaone1/piccadilly.kanamon.com/system/Autoloader/Autoloader.php(258): CodeIgniter\Autoloader\Autoloader->loadInNamespace('App\\Models\\Word...')
#2 [internal function]: CodeIgniter\Autoloader\Autoloader->loadClass('App\\Models\\Word...')
#3 /home/phormulaone1/piccadilly.kanamon.com/app/Controllers/Fetch.php(10): spl_autoload_call('App\\Models\\Word...')
#4 /home/phormulaone1/piccadilly.kanamon.com/system/CodeIgniter.php(918): App\Controllers\Fetch->index()
#5 /home/phormulaone1/piccadilly.kanamon.com/system/CodeIgniter.php(404): CodeIgniter\CodeIgniter->runController(Object(App\Controllers\Fetch))
#6 /home/phormulaone1/piccadilly.kanamon.com/system/CodeIgniter.php(312): CodeIgniter\CodeIgniter->handleRequest(NULL, Object(Config\Cache), false)
#7 /home/phormulaone1/piccadilly.kanamon.com/public/index.php(45): CodeIgniter\CodeIgniter->run()
#8 {main}
CRITICAL - 2020-10-12 02:27:05 --> Call to undefined method CodeIgniter\Database\MySQLi\Builder::findAll()
#0 /home/phormulaone1/piccadilly.kanamon.com/app/Controllers/Fetch.php(28): App\Models\WordModel->webs()
#1 /home/phormulaone1/piccadilly.kanamon.com/system/CodeIgniter.php(918): App\Controllers\Fetch->index()
#2 /home/phormulaone1/piccadilly.kanamon.com/system/CodeIgniter.php(404): CodeIgniter\CodeIgniter->runController(Object(App\Controllers\Fetch))
#3 /home/phormulaone1/piccadilly.kanamon.com/system/CodeIgniter.php(312): CodeIgniter\CodeIgniter->handleRequest(NULL, Object(Config\Cache), false)
#4 /home/phormulaone1/piccadilly.kanamon.com/public/index.php(45): CodeIgniter\CodeIgniter->run()
#5 {main}
CRITICAL - 2020-10-12 02:27:07 --> Call to undefined method CodeIgniter\Database\MySQLi\Builder::findAll()
#0 /home/phormulaone1/piccadilly.kanamon.com/app/Controllers/Fetch.php(28): App\Models\WordModel->webs()
#1 /home/phormulaone1/piccadilly.kanamon.com/system/CodeIgniter.php(918): App\Controllers\Fetch->index()
#2 /home/phormulaone1/piccadilly.kanamon.com/system/CodeIgniter.php(404): CodeIgniter\CodeIgniter->runController(Object(App\Controllers\Fetch))
#3 /home/phormulaone1/piccadilly.kanamon.com/system/CodeIgniter.php(312): CodeIgniter\CodeIgniter->handleRequest(NULL, Object(Config\Cache), false)
#4 /home/phormulaone1/piccadilly.kanamon.com/public/index.php(45): CodeIgniter\CodeIgniter->run()
#5 {main}
CRITICAL - 2020-10-12 02:27:10 --> Call to undefined method CodeIgniter\Database\MySQLi\Builder::findAll()
#0 /home/phormulaone1/piccadilly.kanamon.com/app/Controllers/Fetch.php(28): App\Models\WordModel->webs()
#1 /home/phormulaone1/piccadilly.kanamon.com/system/CodeIgniter.php(918): App\Controllers\Fetch->index()
#2 /home/phormulaone1/piccadilly.kanamon.com/system/CodeIgniter.php(404): CodeIgniter\CodeIgniter->runController(Object(App\Controllers\Fetch))
#3 /home/phormulaone1/piccadilly.kanamon.com/system/CodeIgniter.php(312): CodeIgniter\CodeIgniter->handleRequest(NULL, Object(Config\Cache), false)
#4 /home/phormulaone1/piccadilly.kanamon.com/public/index.php(45): CodeIgniter\CodeIgniter->run()
#5 {main}
CRITICAL - 2020-10-12 02:30:01 --> Too few arguments to function App\Models\WordModel::webs(), 0 passed in /home/phormulaone1/piccadilly.kanamon.com/app/Controllers/Fetch.php on line 28 and exactly 1 expected
#0 /home/phormulaone1/piccadilly.kanamon.com/app/Controllers/Fetch.php(28): App\Models\WordModel->webs()
#1 /home/phormulaone1/piccadilly.kanamon.com/system/CodeIgniter.php(918): App\Controllers\Fetch->index()
#2 /home/phormulaone1/piccadilly.kanamon.com/system/CodeIgniter.php(404): CodeIgniter\CodeIgniter->runController(Object(App\Controllers\Fetch))
#3 /home/phormulaone1/piccadilly.kanamon.com/system/CodeIgniter.php(312): CodeIgniter\CodeIgniter->handleRequest(NULL, Object(Config\Cache), false)
#4 /home/phormulaone1/piccadilly.kanamon.com/public/index.php(45): CodeIgniter\CodeIgniter->run()
#5 {main}
CRITICAL - 2020-10-12 02:30:03 --> Too few arguments to function App\Models\WordModel::webs(), 0 passed in /home/phormulaone1/piccadilly.kanamon.com/app/Controllers/Fetch.php on line 28 and exactly 1 expected
#0 /home/phormulaone1/piccadilly.kanamon.com/app/Controllers/Fetch.php(28): App\Models\WordModel->webs()
#1 /home/phormulaone1/piccadilly.kanamon.com/system/CodeIgniter.php(918): App\Controllers\Fetch->index()
#2 /home/phormulaone1/piccadilly.kanamon.com/system/CodeIgniter.php(404): CodeIgniter\CodeIgniter->runController(Object(App\Controllers\Fetch))
#3 /home/phormulaone1/piccadilly.kanamon.com/system/CodeIgniter.php(312): CodeIgniter\CodeIgniter->handleRequest(NULL, Object(Config\Cache), false)
#4 /home/phormulaone1/piccadilly.kanamon.com/public/index.php(45): CodeIgniter\CodeIgniter->run()
#5 {main}
CRITICAL - 2020-10-12 03:31:40 --> Argument 2 passed to CodeIgniter\Database\BaseBuilder::orHavingLike() must be of the type string, null given, called in /home/phormulaone1/piccadilly.kanamon.com/app/Models/WordModel.php on line 24
#0 /home/phormulaone1/piccadilly.kanamon.com/app/Models/WordModel.php(24): CodeIgniter\Database\BaseBuilder->orHavingLike('word', NULL)
#1 /home/phormulaone1/piccadilly.kanamon.com/app/Controllers/Fetch.php(17): App\Models\WordModel->wiki('word ')
#2 /home/phormulaone1/piccadilly.kanamon.com/system/CodeIgniter.php(918): App\Controllers\Fetch->index()
#3 /home/phormulaone1/piccadilly.kanamon.com/system/CodeIgniter.php(404): CodeIgniter\CodeIgniter->runController(Object(App\Controllers\Fetch))
#4 /home/phormulaone1/piccadilly.kanamon.com/system/CodeIgniter.php(312): CodeIgniter\CodeIgniter->handleRequest(NULL, Object(Config\Cache), false)
#5 /home/phormulaone1/piccadilly.kanamon.com/public/index.php(45): CodeIgniter\CodeIgniter->run()
#6 {main}
CRITICAL - 2020-10-12 03:31:42 --> Argument 2 passed to CodeIgniter\Database\BaseBuilder::orHavingLike() must be of the type string, null given, called in /home/phormulaone1/piccadilly.kanamon.com/app/Models/WordModel.php on line 24
#0 /home/phormulaone1/piccadilly.kanamon.com/app/Models/WordModel.php(24): CodeIgniter\Database\BaseBuilder->orHavingLike('word', NULL)
#1 /home/phormulaone1/piccadilly.kanamon.com/app/Controllers/Fetch.php(17): App\Models\WordModel->wiki('word s')
#2 /home/phormulaone1/piccadilly.kanamon.com/system/CodeIgniter.php(918): App\Controllers\Fetch->index()
#3 /home/phormulaone1/piccadilly.kanamon.com/system/CodeIgniter.php(404): CodeIgniter\CodeIgniter->runController(Object(App\Controllers\Fetch))
#4 /home/phormulaone1/piccadilly.kanamon.com/system/CodeIgniter.php(312): CodeIgniter\CodeIgniter->handleRequest(NULL, Object(Config\Cache), false)
#5 /home/phormulaone1/piccadilly.kanamon.com/public/index.php(45): CodeIgniter\CodeIgniter->run()
#6 {main}
CRITICAL - 2020-10-12 03:31:48 --> Argument 2 passed to CodeIgniter\Database\BaseBuilder::orHavingLike() must be of the type string, null given, called in /home/phormulaone1/piccadilly.kanamon.com/app/Models/WordModel.php on line 24
#0 /home/phormulaone1/piccadilly.kanamon.com/app/Models/WordModel.php(24): CodeIgniter\Database\BaseBuilder->orHavingLike('word', NULL)
#1 /home/phormulaone1/piccadilly.kanamon.com/app/Controllers/Fetch.php(17): App\Models\WordModel->wiki('word sa')
#2 /home/phormulaone1/piccadilly.kanamon.com/system/CodeIgniter.php(918): App\Controllers\Fetch->index()
#3 /home/phormulaone1/piccadilly.kanamon.com/system/CodeIgniter.php(404): CodeIgniter\CodeIgniter->runController(Object(App\Controllers\Fetch))
#4 /home/phormulaone1/piccadilly.kanamon.com/system/CodeIgniter.php(312): CodeIgniter\CodeIgniter->handleRequest(NULL, Object(Config\Cache), false)
#5 /home/phormulaone1/piccadilly.kanamon.com/public/index.php(45): CodeIgniter\CodeIgniter->run()
#6 {main}
CRITICAL - 2020-10-12 03:32:13 --> Argument 2 passed to CodeIgniter\Database\BaseBuilder::orHavingLike() must be of the type string, null given, called in /home/phormulaone1/piccadilly.kanamon.com/app/Models/WordModel.php on line 24
#0 /home/phormulaone1/piccadilly.kanamon.com/app/Models/WordModel.php(24): CodeIgniter\Database\BaseBuilder->orHavingLike('word', NULL)
#1 /home/phormulaone1/piccadilly.kanamon.com/app/Controllers/Fetch.php(17): App\Models\WordModel->wiki('word sala')
#2 /home/phormulaone1/piccadilly.kanamon.com/system/CodeIgniter.php(918): App\Controllers\Fetch->index()
#3 /home/phormulaone1/piccadilly.kanamon.com/system/CodeIgniter.php(404): CodeIgniter\CodeIgniter->runController(Object(App\Controllers\Fetch))
#4 /home/phormulaone1/piccadilly.kanamon.com/system/CodeIgniter.php(312): CodeIgniter\CodeIgniter->handleRequest(NULL, Object(Config\Cache), false)
#5 /home/phormulaone1/piccadilly.kanamon.com/public/index.php(45): CodeIgniter\CodeIgniter->run()
#6 {main}
CRITICAL - 2020-10-12 03:32:13 --> Argument 2 passed to CodeIgniter\Database\BaseBuilder::orHavingLike() must be of the type string, null given, called in /home/phormulaone1/piccadilly.kanamon.com/app/Models/WordModel.php on line 24
#0 /home/phormulaone1/piccadilly.kanamon.com/app/Models/WordModel.php(24): CodeIgniter\Database\BaseBuilder->orHavingLike('word', NULL)
#1 /home/phormulaone1/piccadilly.kanamon.com/app/Controllers/Fetch.php(17): App\Models\WordModel->wiki('word salad')
#2 /home/phormulaone1/piccadilly.kanamon.com/system/CodeIgniter.php(918): App\Controllers\Fetch->index()
#3 /home/phormulaone1/piccadilly.kanamon.com/system/CodeIgniter.php(404): CodeIgniter\CodeIgniter->runController(Object(App\Controllers\Fetch))
#4 /home/phormulaone1/piccadilly.kanamon.com/system/CodeIgniter.php(312): CodeIgniter\CodeIgniter->handleRequest(NULL, Object(Config\Cache), false)
#5 /home/phormulaone1/piccadilly.kanamon.com/public/index.php(45): CodeIgniter\CodeIgniter->run()
#6 {main}
CRITICAL - 2020-10-12 03:32:33 --> Argument 2 passed to CodeIgniter\Database\BaseBuilder::orHavingLike() must be of the type string, null given, called in /home/phormulaone1/piccadilly.kanamon.com/app/Models/WordModel.php on line 24
#0 /home/phormulaone1/piccadilly.kanamon.com/app/Models/WordModel.php(24): CodeIgniter\Database\BaseBuilder->orHavingLike('word', NULL)
#1 /home/phormulaone1/piccadilly.kanamon.com/app/Controllers/Fetch.php(17): App\Models\WordModel->wiki('word sala')
#2 /home/phormulaone1/piccadilly.kanamon.com/system/CodeIgniter.php(918): App\Controllers\Fetch->index()
#3 /home/phormulaone1/piccadilly.kanamon.com/system/CodeIgniter.php(404): CodeIgniter\CodeIgniter->runController(Object(App\Controllers\Fetch))
#4 /home/phormulaone1/piccadilly.kanamon.com/system/CodeIgniter.php(312): CodeIgniter\CodeIgniter->handleRequest(NULL, Object(Config\Cache), false)
#5 /home/phormulaone1/piccadilly.kanamon.com/public/index.php(45): CodeIgniter\CodeIgniter->run()
#6 {main}
CRITICAL - 2020-10-12 03:32:34 --> Argument 2 passed to CodeIgniter\Database\BaseBuilder::orHavingLike() must be of the type string, null given, called in /home/phormulaone1/piccadilly.kanamon.com/app/Models/WordModel.php on line 24
#0 /home/phormulaone1/piccadilly.kanamon.com/app/Models/WordModel.php(24): CodeIgniter\Database\BaseBuilder->orHavingLike('word', NULL)
#1 /home/phormulaone1/piccadilly.kanamon.com/app/Controllers/Fetch.php(17): App\Models\WordModel->wiki('word')
#2 /home/phormulaone1/piccadilly.kanamon.com/system/CodeIgniter.php(918): App\Controllers\Fetch->index()
#3 /home/phormulaone1/piccadilly.kanamon.com/system/CodeIgniter.php(404): CodeIgniter\CodeIgniter->runController(Object(App\Controllers\Fetch))
#4 /home/phormulaone1/piccadilly.kanamon.com/system/CodeIgniter.php(312): CodeIgniter\CodeIgniter->handleRequest(NULL, Object(Config\Cache), false)
#5 /home/phormulaone1/piccadilly.kanamon.com/public/index.php(45): CodeIgniter\CodeIgniter->run()
#6 {main}
CRITICAL - 2020-10-12 03:32:39 --> Argument 2 passed to CodeIgniter\Database\BaseBuilder::orHavingLike() must be of the type string, null given, called in /home/phormulaone1/piccadilly.kanamon.com/app/Models/WordModel.php on line 24
#0 /home/phormulaone1/piccadilly.kanamon.com/app/Models/WordModel.php(24): CodeIgniter\Database\BaseBuilder->orHavingLike('word', NULL)
#1 /home/phormulaone1/piccadilly.kanamon.com/app/Controllers/Fetch.php(17): App\Models\WordModel->wiki('wor')
#2 /home/phormulaone1/piccadilly.kanamon.com/system/CodeIgniter.php(918): App\Controllers\Fetch->index()
#3 /home/phormulaone1/piccadilly.kanamon.com/system/CodeIgniter.php(404): CodeIgniter\CodeIgniter->runController(Object(App\Controllers\Fetch))
#4 /home/phormulaone1/piccadilly.kanamon.com/system/CodeIgniter.php(312): CodeIgniter\CodeIgniter->handleRequest(NULL, Object(Config\Cache), false)
#5 /home/phormulaone1/piccadilly.kanamon.com/public/index.php(45): CodeIgniter\CodeIgniter->run()
#6 {main}
CRITICAL - 2020-10-12 03:32:42 --> Argument 2 passed to CodeIgniter\Database\BaseBuilder::orHavingLike() must be of the type string, null given, called in /home/phormulaone1/piccadilly.kanamon.com/app/Models/WordModel.php on line 24
#0 /home/phormulaone1/piccadilly.kanamon.com/app/Models/WordModel.php(24): CodeIgniter\Database\BaseBuilder->orHavingLike('word', NULL)
#1 /home/phormulaone1/piccadilly.kanamon.com/app/Controllers/Fetch.php(17): App\Models\WordModel->wiki('test')
#2 /home/phormulaone1/piccadilly.kanamon.com/system/CodeIgniter.php(918): App\Controllers\Fetch->index()
#3 /home/phormulaone1/piccadilly.kanamon.com/system/CodeIgniter.php(404): CodeIgniter\CodeIgniter->runController(Object(App\Controllers\Fetch))
#4 /home/phormulaone1/piccadilly.kanamon.com/system/CodeIgniter.php(312): CodeIgniter\CodeIgniter->handleRequest(NULL, Object(Config\Cache), false)
#5 /home/phormulaone1/piccadilly.kanamon.com/public/index.php(45): CodeIgniter\CodeIgniter->run()
#6 {main}
CRITICAL - 2020-10-12 03:34:33 --> Argument 2 passed to CodeIgniter\Database\BaseBuilder::orHavingLike() must be of the type string, null given, called in /home/phormulaone1/piccadilly.kanamon.com/app/Models/WordModel.php on line 24
#0 /home/phormulaone1/piccadilly.kanamon.com/app/Models/WordModel.php(24): CodeIgniter\Database\BaseBuilder->orHavingLike('word', NULL)
#1 /home/phormulaone1/piccadilly.kanamon.com/app/Controllers/Fetch.php(17): App\Models\WordModel->wiki('try')
#2 /home/phormulaone1/piccadilly.kanamon.com/system/CodeIgniter.php(918): App\Controllers\Fetch->index()
#3 /home/phormulaone1/piccadilly.kanamon.com/system/CodeIgniter.php(404): CodeIgniter\CodeIgniter->runController(Object(App\Controllers\Fetch))
#4 /home/phormulaone1/piccadilly.kanamon.com/system/CodeIgniter.php(312): CodeIgniter\CodeIgniter->handleRequest(NULL, Object(Config\Cache), false)
#5 /home/phormulaone1/piccadilly.kanamon.com/public/index.php(45): CodeIgniter\CodeIgniter->run()
#6 {main}
CRITICAL - 2020-10-12 04:58:21 --> Class 'App\Models\WebsModel' not found
#0 /home/phormulaone1/piccadilly.kanamon.com/system/CodeIgniter.php(918): App\Controllers\Webs->index()
#1 /home/phormulaone1/piccadilly.kanamon.com/system/CodeIgniter.php(404): CodeIgniter\CodeIgniter->runController(Object(App\Controllers\Webs))
#2 /home/phormulaone1/piccadilly.kanamon.com/system/CodeIgniter.php(312): CodeIgniter\CodeIgniter->handleRequest(NULL, Object(Config\Cache), false)
#3 /home/phormulaone1/piccadilly.kanamon.com/public/index.php(45): CodeIgniter\CodeIgniter->run()
#4 {main}
CRITICAL - 2020-10-12 05:08:20 --> mysqli_query() expects parameter 1 to be mysqli, null given
#0 [internal function]: CodeIgniter\Debug\Exceptions->errorHandler(2, 'mysqli_query() ...', '/home/phormulao...', 11, Array)
#1 /home/phormulaone1/piccadilly.kanamon.com/app/Views/webster.php(11): mysqli_query(NULL, 'SELECT * FROM `...')
#2 /home/phormulaone1/piccadilly.kanamon.com/system/View/View.php(246): include('/home/phormulao...')
#3 /home/phormulaone1/piccadilly.kanamon.com/system/Common.php(1119): CodeIgniter\View\View->render('webster', Array, true)
#4 /home/phormulaone1/piccadilly.kanamon.com/app/Controllers/Webs.php(14): view('webster', Array)
#5 /home/phormulaone1/piccadilly.kanamon.com/system/CodeIgniter.php(918): App\Controllers\Webs->index()
#6 /home/phormulaone1/piccadilly.kanamon.com/system/CodeIgniter.php(404): CodeIgniter\CodeIgniter->runController(Object(App\Controllers\Webs))
#7 /home/phormulaone1/piccadilly.kanamon.com/system/CodeIgniter.php(312): CodeIgniter\CodeIgniter->handleRequest(NULL, Object(Config\Cache), false)
#8 /home/phormulaone1/piccadilly.kanamon.com/public/index.php(45): CodeIgniter\CodeIgniter->run()
#9 {main}
CRITICAL - 2020-10-12 05:08:23 --> mysqli_query() expects parameter 1 to be mysqli, null given
#0 [internal function]: CodeIgniter\Debug\Exceptions->errorHandler(2, 'mysqli_query() ...', '/home/phormulao...', 11, Array)
#1 /home/phormulaone1/piccadilly.kanamon.com/app/Views/webster.php(11): mysqli_query(NULL, 'SELECT * FROM `...')
#2 /home/phormulaone1/piccadilly.kanamon.com/system/View/View.php(246): include('/home/phormulao...')
#3 /home/phormulaone1/piccadilly.kanamon.com/system/Common.php(1119): CodeIgniter\View\View->render('webster', Array, true)
#4 /home/phormulaone1/piccadilly.kanamon.com/app/Controllers/Webs.php(14): view('webster', Array)
#5 /home/phormulaone1/piccadilly.kanamon.com/system/CodeIgniter.php(918): App\Controllers\Webs->index()
#6 /home/phormulaone1/piccadilly.kanamon.com/system/CodeIgniter.php(404): CodeIgniter\CodeIgniter->runController(Object(App\Controllers\Webs))
#7 /home/phormulaone1/piccadilly.kanamon.com/system/CodeIgniter.php(312): CodeIgniter\CodeIgniter->handleRequest(NULL, Object(Config\Cache), false)
#8 /home/phormulaone1/piccadilly.kanamon.com/public/index.php(45): CodeIgniter\CodeIgniter->run()
#9 {main}
CRITICAL - 2020-10-12 05:10:48 --> syntax error, unexpected '}', expecting end of file
#0 /home/phormulaone1/piccadilly.kanamon.com/system/Common.php(1119): CodeIgniter\View\View->render('webster', Array, true)
#1 /home/phormulaone1/piccadilly.kanamon.com/app/Controllers/Webs.php(14): view('webster', Array)
#2 /home/phormulaone1/piccadilly.kanamon.com/system/CodeIgniter.php(918): App\Controllers\Webs->index()
#3 /home/phormulaone1/piccadilly.kanamon.com/system/CodeIgniter.php(404): CodeIgniter\CodeIgniter->runController(Object(App\Controllers\Webs))
#4 /home/phormulaone1/piccadilly.kanamon.com/system/CodeIgniter.php(312): CodeIgniter\CodeIgniter->handleRequest(NULL, Object(Config\Cache), false)
#5 /home/phormulaone1/piccadilly.kanamon.com/public/index.php(45): CodeIgniter\CodeIgniter->run()
#6 {main}
CRITICAL - 2020-10-12 05:10:50 --> syntax error, unexpected '}', expecting end of file
#0 /home/phormulaone1/piccadilly.kanamon.com/system/Common.php(1119): CodeIgniter\View\View->render('webster', Array, true)
#1 /home/phormulaone1/piccadilly.kanamon.com/app/Controllers/Webs.php(14): view('webster', Array)
#2 /home/phormulaone1/piccadilly.kanamon.com/system/CodeIgniter.php(918): App\Controllers\Webs->index()
#3 /home/phormulaone1/piccadilly.kanamon.com/system/CodeIgniter.php(404): CodeIgniter\CodeIgniter->runController(Object(App\Controllers\Webs))
#4 /home/phormulaone1/piccadilly.kanamon.com/system/CodeIgniter.php(312): CodeIgniter\CodeIgniter->handleRequest(NULL, Object(Config\Cache), false)
#5 /home/phormulaone1/piccadilly.kanamon.com/public/index.php(45): CodeIgniter\CodeIgniter->run()
#6 {main}
CRITICAL - 2020-10-12 05:56:25 --> Cannot use object of type stdClass as array
#0 /home/phormulaone1/piccadilly.kanamon.com/system/View/View.php(246): include()
#1 /home/phormulaone1/piccadilly.kanamon.com/system/Common.php(1119): CodeIgniter\View\View->render('webster', Array, true)
#2 /home/phormulaone1/piccadilly.kanamon.com/app/Controllers/Webs.php(18): view('webster', Array)
#3 /home/phormulaone1/piccadilly.kanamon.com/system/CodeIgniter.php(918): App\Controllers\Webs->index()
#4 /home/phormulaone1/piccadilly.kanamon.com/system/CodeIgniter.php(404): CodeIgniter\CodeIgniter->runController(Object(App\Controllers\Webs))
#5 /home/phormulaone1/piccadilly.kanamon.com/system/CodeIgniter.php(312): CodeIgniter\CodeIgniter->handleRequest(NULL, Object(Config\Cache), false)
#6 /home/phormulaone1/piccadilly.kanamon.com/public/index.php(45): CodeIgniter\CodeIgniter->run()
#7 {main}
CRITICAL - 2020-10-12 05:57:01 --> Object of class stdClass could not be converted to string
#0 /home/phormulaone1/piccadilly.kanamon.com/app/Views/webster.php(170): str_replace(Array, '', Object(stdClass))
#1 /home/phormulaone1/piccadilly.kanamon.com/system/View/View.php(246): include('/home/phormulao...')
#2 /home/phormulaone1/piccadilly.kanamon.com/system/Common.php(1119): CodeIgniter\View\View->render('webster', Array, true)
#3 /home/phormulaone1/piccadilly.kanamon.com/app/Controllers/Webs.php(18): view('webster', Array)
#4 /home/phormulaone1/piccadilly.kanamon.com/system/CodeIgniter.php(918): App\Controllers\Webs->index()
#5 /home/phormulaone1/piccadilly.kanamon.com/system/CodeIgniter.php(404): CodeIgniter\CodeIgniter->runController(Object(App\Controllers\Webs))
#6 /home/phormulaone1/piccadilly.kanamon.com/system/CodeIgniter.php(312): CodeIgniter\CodeIgniter->handleRequest(NULL, Object(Config\Cache), false)
#7 /home/phormulaone1/piccadilly.kanamon.com/public/index.php(45): CodeIgniter\CodeIgniter->run()
#8 {main}
CRITICAL - 2020-10-12 06:04:09 --> Cannot use object of type stdClass as array
#0 /home/phormulaone1/piccadilly.kanamon.com/system/View/View.php(246): include()
#1 /home/phormulaone1/piccadilly.kanamon.com/system/Common.php(1119): CodeIgniter\View\View->render('webster', Array, true)
#2 /home/phormulaone1/piccadilly.kanamon.com/app/Controllers/Webs.php(18): view('webster', Array)
#3 /home/phormulaone1/piccadilly.kanamon.com/system/CodeIgniter.php(918): App\Controllers\Webs->index()
#4 /home/phormulaone1/piccadilly.kanamon.com/system/CodeIgniter.php(404): CodeIgniter\CodeIgniter->runController(Object(App\Controllers\Webs))
#5 /home/phormulaone1/piccadilly.kanamon.com/system/CodeIgniter.php(312): CodeIgniter\CodeIgniter->handleRequest(NULL, Object(Config\Cache), false)
#6 /home/phormulaone1/piccadilly.kanamon.com/public/index.php(45): CodeIgniter\CodeIgniter->run()
#7 {main}
CRITICAL - 2020-10-12 06:12:45 --> Cannot use object of type stdClass as array
#0 /home/phormulaone1/piccadilly.kanamon.com/system/View/View.php(246): include()
#1 /home/phormulaone1/piccadilly.kanamon.com/system/Common.php(1119): CodeIgniter\View\View->render('webster', Array, true)
#2 /home/phormulaone1/piccadilly.kanamon.com/app/Controllers/Webs.php(18): view('webster', Array)
#3 /home/phormulaone1/piccadilly.kanamon.com/system/CodeIgniter.php(918): App\Controllers\Webs->index()
#4 /home/phormulaone1/piccadilly.kanamon.com/system/CodeIgniter.php(404): CodeIgniter\CodeIgniter->runController(Object(App\Controllers\Webs))
#5 /home/phormulaone1/piccadilly.kanamon.com/system/CodeIgniter.php(312): CodeIgniter\CodeIgniter->handleRequest(NULL, Object(Config\Cache), false)
#6 /home/phormulaone1/piccadilly.kanamon.com/public/index.php(45): CodeIgniter\CodeIgniter->run()
#7 {main}
CRITICAL - 2020-10-12 08:05:04 --> Object of class stdClass could not be converted to string
#0 /home/phormulaone1/piccadilly.kanamon.com/app/Views/webster.php(170): str_replace(Array, '', Object(stdClass))
#1 /home/phormulaone1/piccadilly.kanamon.com/system/View/View.php(246): include('/home/phormulao...')
#2 /home/phormulaone1/piccadilly.kanamon.com/system/Common.php(1119): CodeIgniter\View\View->render('webster', Array, true)
#3 /home/phormulaone1/piccadilly.kanamon.com/app/Controllers/Webs.php(18): view('webster', Array)
#4 /home/phormulaone1/piccadilly.kanamon.com/system/CodeIgniter.php(918): App\Controllers\Webs->index()
#5 /home/phormulaone1/piccadilly.kanamon.com/system/CodeIgniter.php(404): CodeIgniter\CodeIgniter->runController(Object(App\Controllers\Webs))
#6 /home/phormulaone1/piccadilly.kanamon.com/system/CodeIgniter.php(312): CodeIgniter\CodeIgniter->handleRequest(NULL, Object(Config\Cache), false)
#7 /home/phormulaone1/piccadilly.kanamon.com/public/index.php(45): CodeIgniter\CodeIgniter->run()
#8 {main}
CRITICAL - 2020-10-12 08:05:08 --> Object of class stdClass could not be converted to string
#0 /home/phormulaone1/piccadilly.kanamon.com/app/Views/webster.php(170): str_replace(Array, '', Object(stdClass))
#1 /home/phormulaone1/piccadilly.kanamon.com/system/View/View.php(246): include('/home/phormulao...')
#2 /home/phormulaone1/piccadilly.kanamon.com/system/Common.php(1119): CodeIgniter\View\View->render('webster', Array, true)
#3 /home/phormulaone1/piccadilly.kanamon.com/app/Controllers/Webs.php(18): view('webster', Array)
#4 /home/phormulaone1/piccadilly.kanamon.com/system/CodeIgniter.php(918): App\Controllers\Webs->index()
#5 /home/phormulaone1/piccadilly.kanamon.com/system/CodeIgniter.php(404): CodeIgniter\CodeIgniter->runController(Object(App\Controllers\Webs))
#6 /home/phormulaone1/piccadilly.kanamon.com/system/CodeIgniter.php(312): CodeIgniter\CodeIgniter->handleRequest(NULL, Object(Config\Cache), false)
#7 /home/phormulaone1/piccadilly.kanamon.com/public/index.php(45): CodeIgniter\CodeIgniter->run()
#8 {main}
CRITICAL - 2020-10-12 08:06:14 --> Cannot use object of type stdClass as array
#0 /home/phormulaone1/piccadilly.kanamon.com/system/View/View.php(246): include()
#1 /home/phormulaone1/piccadilly.kanamon.com/system/Common.php(1119): CodeIgniter\View\View->render('webster', Array, true)
#2 /home/phormulaone1/piccadilly.kanamon.com/app/Controllers/Webs.php(18): view('webster', Array)
#3 /home/phormulaone1/piccadilly.kanamon.com/system/CodeIgniter.php(918): App\Controllers\Webs->index()
#4 /home/phormulaone1/piccadilly.kanamon.com/system/CodeIgniter.php(404): CodeIgniter\CodeIgniter->runController(Object(App\Controllers\Webs))
#5 /home/phormulaone1/piccadilly.kanamon.com/system/CodeIgniter.php(312): CodeIgniter\CodeIgniter->handleRequest(NULL, Object(Config\Cache), false)
#6 /home/phormulaone1/piccadilly.kanamon.com/public/index.php(45): CodeIgniter\CodeIgniter->run()
#7 {main}
CRITICAL - 2020-10-12 08:06:17 --> Cannot use object of type stdClass as array
#0 /home/phormulaone1/piccadilly.kanamon.com/system/View/View.php(246): include()
#1 /home/phormulaone1/piccadilly.kanamon.com/system/Common.php(1119): CodeIgniter\View\View->render('webster', Array, true)
#2 /home/phormulaone1/piccadilly.kanamon.com/app/Controllers/Webs.php(18): view('webster', Array)
#3 /home/phormulaone1/piccadilly.kanamon.com/system/CodeIgniter.php(918): App\Controllers\Webs->index()
#4 /home/phormulaone1/piccadilly.kanamon.com/system/CodeIgniter.php(404): CodeIgniter\CodeIgniter->runController(Object(App\Controllers\Webs))
#5 /home/phormulaone1/piccadilly.kanamon.com/system/CodeIgniter.php(312): CodeIgniter\CodeIgniter->handleRequest(NULL, Object(Config\Cache), false)
#6 /home/phormulaone1/piccadilly.kanamon.com/public/index.php(45): CodeIgniter\CodeIgniter->run()
#7 {main}
CRITICAL - 2020-10-12 08:06:19 --> Cannot use object of type stdClass as array
#0 /home/phormulaone1/piccadilly.kanamon.com/system/View/View.php(246): include()
#1 /home/phormulaone1/piccadilly.kanamon.com/system/Common.php(1119): CodeIgniter\View\View->render('webster', Array, true)
#2 /home/phormulaone1/piccadilly.kanamon.com/app/Controllers/Webs.php(18): view('webster', Array)
#3 /home/phormulaone1/piccadilly.kanamon.com/system/CodeIgniter.php(918): App\Controllers\Webs->index()
#4 /home/phormulaone1/piccadilly.kanamon.com/system/CodeIgniter.php(404): CodeIgniter\CodeIgniter->runController(Object(App\Controllers\Webs))
#5 /home/phormulaone1/piccadilly.kanamon.com/system/CodeIgniter.php(312): CodeIgniter\CodeIgniter->handleRequest(NULL, Object(Config\Cache), false)
#6 /home/phormulaone1/piccadilly.kanamon.com/public/index.php(45): CodeIgniter\CodeIgniter->run()
#7 {main}
CRITICAL - 2020-10-12 08:06:39 --> Object of class stdClass could not be converted to string
#0 /home/phormulaone1/piccadilly.kanamon.com/app/Views/webster.php(170): str_replace(Array, '', Object(stdClass))
#1 /home/phormulaone1/piccadilly.kanamon.com/system/View/View.php(246): include('/home/phormulao...')
#2 /home/phormulaone1/piccadilly.kanamon.com/system/Common.php(1119): CodeIgniter\View\View->render('webster', Array, true)
#3 /home/phormulaone1/piccadilly.kanamon.com/app/Controllers/Webs.php(18): view('webster', Array)
#4 /home/phormulaone1/piccadilly.kanamon.com/system/CodeIgniter.php(918): App\Controllers\Webs->index()
#5 /home/phormulaone1/piccadilly.kanamon.com/system/CodeIgniter.php(404): CodeIgniter\CodeIgniter->runController(Object(App\Controllers\Webs))
#6 /home/phormulaone1/piccadilly.kanamon.com/system/CodeIgniter.php(312): CodeIgniter\CodeIgniter->handleRequest(NULL, Object(Config\Cache), false)
#7 /home/phormulaone1/piccadilly.kanamon.com/public/index.php(45): CodeIgniter\CodeIgniter->run()
#8 {main}
CRITICAL - 2020-10-12 08:06:42 --> Object of class stdClass could not be converted to string
#0 /home/phormulaone1/piccadilly.kanamon.com/app/Views/webster.php(170): str_replace(Array, '', Object(stdClass))
#1 /home/phormulaone1/piccadilly.kanamon.com/system/View/View.php(246): include('/home/phormulao...')
#2 /home/phormulaone1/piccadilly.kanamon.com/system/Common.php(1119): CodeIgniter\View\View->render('webster', Array, true)
#3 /home/phormulaone1/piccadilly.kanamon.com/app/Controllers/Webs.php(18): view('webster', Array)
#4 /home/phormulaone1/piccadilly.kanamon.com/system/CodeIgniter.php(918): App\Controllers\Webs->index()
#5 /home/phormulaone1/piccadilly.kanamon.com/system/CodeIgniter.php(404): CodeIgniter\CodeIgniter->runController(Object(App\Controllers\Webs))
#6 /home/phormulaone1/piccadilly.kanamon.com/system/CodeIgniter.php(312): CodeIgniter\CodeIgniter->handleRequest(NULL, Object(Config\Cache), false)
#7 /home/phormulaone1/piccadilly.kanamon.com/public/index.php(45): CodeIgniter\CodeIgniter->run()
#8 {main}
CRITICAL - 2020-10-12 08:06:44 --> Object of class stdClass could not be converted to string
#0 /home/phormulaone1/piccadilly.kanamon.com/app/Views/webster.php(170): str_replace(Array, '', Object(stdClass))
#1 /home/phormulaone1/piccadilly.kanamon.com/system/View/View.php(246): include('/home/phormulao...')
#2 /home/phormulaone1/piccadilly.kanamon.com/system/Common.php(1119): CodeIgniter\View\View->render('webster', Array, true)
#3 /home/phormulaone1/piccadilly.kanamon.com/app/Controllers/Webs.php(18): view('webster', Array)
#4 /home/phormulaone1/piccadilly.kanamon.com/system/CodeIgniter.php(918): App\Controllers\Webs->index()
#5 /home/phormulaone1/piccadilly.kanamon.com/system/CodeIgniter.php(404): CodeIgniter\CodeIgniter->runController(Object(App\Controllers\Webs))
#6 /home/phormulaone1/piccadilly.kanamon.com/system/CodeIgniter.php(312): CodeIgniter\CodeIgniter->handleRequest(NULL, Object(Config\Cache), false)
#7 /home/phormulaone1/piccadilly.kanamon.com/public/index.php(45): CodeIgniter\CodeIgniter->run()
#8 {main}
CRITICAL - 2020-10-12 08:06:46 --> Object of class stdClass could not be converted to string
#0 /home/phormulaone1/piccadilly.kanamon.com/app/Views/webster.php(170): str_replace(Array, '', Object(stdClass))
#1 /home/phormulaone1/piccadilly.kanamon.com/system/View/View.php(246): include('/home/phormulao...')
#2 /home/phormulaone1/piccadilly.kanamon.com/system/Common.php(1119): CodeIgniter\View\View->render('webster', Array, true)
#3 /home/phormulaone1/piccadilly.kanamon.com/app/Controllers/Webs.php(18): view('webster', Array)
#4 /home/phormulaone1/piccadilly.kanamon.com/system/CodeIgniter.php(918): App\Controllers\Webs->index()
#5 /home/phormulaone1/piccadilly.kanamon.com/system/CodeIgniter.php(404): CodeIgniter\CodeIgniter->runController(Object(App\Controllers\Webs))
#6 /home/phormulaone1/piccadilly.kanamon.com/system/CodeIgniter.php(312): CodeIgniter\CodeIgniter->handleRequest(NULL, Object(Config\Cache), false)
#7 /home/phormulaone1/piccadilly.kanamon.com/public/index.php(45): CodeIgniter\CodeIgniter->run()
#8 {main}
CRITICAL - 2020-10-12 08:07:18 --> Object of class stdClass could not be converted to string
#0 /home/phormulaone1/piccadilly.kanamon.com/app/Views/webster.php(170): str_replace(Array, '', Object(stdClass))
#1 /home/phormulaone1/piccadilly.kanamon.com/system/View/View.php(246): include('/home/phormulao...')
#2 /home/phormulaone1/piccadilly.kanamon.com/system/Common.php(1119): CodeIgniter\View\View->render('webster', Array, true)
#3 /home/phormulaone1/piccadilly.kanamon.com/app/Controllers/Webs.php(18): view('webster', Array)
#4 /home/phormulaone1/piccadilly.kanamon.com/system/CodeIgniter.php(918): App\Controllers\Webs->index()
#5 /home/phormulaone1/piccadilly.kanamon.com/system/CodeIgniter.php(404): CodeIgniter\CodeIgniter->runController(Object(App\Controllers\Webs))
#6 /home/phormulaone1/piccadilly.kanamon.com/system/CodeIgniter.php(312): CodeIgniter\CodeIgniter->handleRequest(NULL, Object(Config\Cache), false)
#7 /home/phormulaone1/piccadilly.kanamon.com/public/index.php(45): CodeIgniter\CodeIgniter->run()
#8 {main}
CRITICAL - 2020-10-12 08:07:21 --> Object of class stdClass could not be converted to string
#0 /home/phormulaone1/piccadilly.kanamon.com/app/Views/webster.php(170): str_replace(Array, '', Object(stdClass))
#1 /home/phormulaone1/piccadilly.kanamon.com/system/View/View.php(246): include('/home/phormulao...')
#2 /home/phormulaone1/piccadilly.kanamon.com/system/Common.php(1119): CodeIgniter\View\View->render('webster', Array, true)
#3 /home/phormulaone1/piccadilly.kanamon.com/app/Controllers/Webs.php(18): view('webster', Array)
#4 /home/phormulaone1/piccadilly.kanamon.com/system/CodeIgniter.php(918): App\Controllers\Webs->index()
#5 /home/phormulaone1/piccadilly.kanamon.com/system/CodeIgniter.php(404): CodeIgniter\CodeIgniter->runController(Object(App\Controllers\Webs))
#6 /home/phormulaone1/piccadilly.kanamon.com/system/CodeIgniter.php(312): CodeIgniter\CodeIgniter->handleRequest(NULL, Object(Config\Cache), false)
#7 /home/phormulaone1/piccadilly.kanamon.com/public/index.php(45): CodeIgniter\CodeIgniter->run()
#8 {main}
CRITICAL - 2020-10-12 08:07:54 --> Cannot use object of type stdClass as array
#0 /home/phormulaone1/piccadilly.kanamon.com/system/View/View.php(246): include()
#1 /home/phormulaone1/piccadilly.kanamon.com/system/Common.php(1119): CodeIgniter\View\View->render('webster', Array, true)
#2 /home/phormulaone1/piccadilly.kanamon.com/app/Controllers/Webs.php(18): view('webster', Array)
#3 /home/phormulaone1/piccadilly.kanamon.com/system/CodeIgniter.php(918): App\Controllers\Webs->index()
#4 /home/phormulaone1/piccadilly.kanamon.com/system/CodeIgniter.php(404): CodeIgniter\CodeIgniter->runController(Object(App\Controllers\Webs))
#5 /home/phormulaone1/piccadilly.kanamon.com/system/CodeIgniter.php(312): CodeIgniter\CodeIgniter->handleRequest(NULL, Object(Config\Cache), false)
#6 /home/phormulaone1/piccadilly.kanamon.com/public/index.php(45): CodeIgniter\CodeIgniter->run()
#7 {main}
CRITICAL - 2020-10-12 08:07:56 --> Cannot use object of type stdClass as array
#0 /home/phormulaone1/piccadilly.kanamon.com/system/View/View.php(246): include()
#1 /home/phormulaone1/piccadilly.kanamon.com/system/Common.php(1119): CodeIgniter\View\View->render('webster', Array, true)
#2 /home/phormulaone1/piccadilly.kanamon.com/app/Controllers/Webs.php(18): view('webster', Array)
#3 /home/phormulaone1/piccadilly.kanamon.com/system/CodeIgniter.php(918): App\Controllers\Webs->index()
#4 /home/phormulaone1/piccadilly.kanamon.com/system/CodeIgniter.php(404): CodeIgniter\CodeIgniter->runController(Object(App\Controllers\Webs))
#5 /home/phormulaone1/piccadilly.kanamon.com/system/CodeIgniter.php(312): CodeIgniter\CodeIgniter->handleRequest(NULL, Object(Config\Cache), false)
#6 /home/phormulaone1/piccadilly.kanamon.com/public/index.php(45): CodeIgniter\CodeIgniter->run()
#7 {main}
CRITICAL - 2020-10-12 08:07:57 --> Cannot use object of type stdClass as array
#0 /home/phormulaone1/piccadilly.kanamon.com/system/View/View.php(246): include()
#1 /home/phormulaone1/piccadilly.kanamon.com/system/Common.php(1119): CodeIgniter\View\View->render('webster', Array, true)
#2 /home/phormulaone1/piccadilly.kanamon.com/app/Controllers/Webs.php(18): view('webster', Array)
#3 /home/phormulaone1/piccadilly.kanamon.com/system/CodeIgniter.php(918): App\Controllers\Webs->index()
#4 /home/phormulaone1/piccadilly.kanamon.com/system/CodeIgniter.php(404): CodeIgniter\CodeIgniter->runController(Object(App\Controllers\Webs))
#5 /home/phormulaone1/piccadilly.kanamon.com/system/CodeIgniter.php(312): CodeIgniter\CodeIgniter->handleRequest(NULL, Object(Config\Cache), false)
#6 /home/phormulaone1/piccadilly.kanamon.com/public/index.php(45): CodeIgniter\CodeIgniter->run()
#7 {main}
CRITICAL - 2020-10-12 08:07:59 --> Cannot use object of type stdClass as array
#0 /home/phormulaone1/piccadilly.kanamon.com/system/View/View.php(246): include()
#1 /home/phormulaone1/piccadilly.kanamon.com/system/Common.php(1119): CodeIgniter\View\View->render('webster', Array, true)
#2 /home/phormulaone1/piccadilly.kanamon.com/app/Controllers/Webs.php(18): view('webster', Array)
#3 /home/phormulaone1/piccadilly.kanamon.com/system/CodeIgniter.php(918): App\Controllers\Webs->index()
#4 /home/phormulaone1/piccadilly.kanamon.com/system/CodeIgniter.php(404): CodeIgniter\CodeIgniter->runController(Object(App\Controllers\Webs))
#5 /home/phormulaone1/piccadilly.kanamon.com/system/CodeIgniter.php(312): CodeIgniter\CodeIgniter->handleRequest(NULL, Object(Config\Cache), false)
#6 /home/phormulaone1/piccadilly.kanamon.com/public/index.php(45): CodeIgniter\CodeIgniter->run()
#7 {main}
CRITICAL - 2020-10-12 08:08:03 --> Cannot use object of type stdClass as array
#0 /home/phormulaone1/piccadilly.kanamon.com/system/View/View.php(246): include()
#1 /home/phormulaone1/piccadilly.kanamon.com/system/Common.php(1119): CodeIgniter\View\View->render('webster', Array, true)
#2 /home/phormulaone1/piccadilly.kanamon.com/app/Controllers/Webs.php(18): view('webster', Array)
#3 /home/phormulaone1/piccadilly.kanamon.com/system/CodeIgniter.php(918): App\Controllers\Webs->index()
#4 /home/phormulaone1/piccadilly.kanamon.com/system/CodeIgniter.php(404): CodeIgniter\CodeIgniter->runController(Object(App\Controllers\Webs))
#5 /home/phormulaone1/piccadilly.kanamon.com/system/CodeIgniter.php(312): CodeIgniter\CodeIgniter->handleRequest(NULL, Object(Config\Cache), false)
#6 /home/phormulaone1/piccadilly.kanamon.com/public/index.php(45): CodeIgniter\CodeIgniter->run()
#7 {main}
CRITICAL - 2020-10-12 08:08:04 --> Cannot use object of type stdClass as array
#0 /home/phormulaone1/piccadilly.kanamon.com/system/View/View.php(246): include()
#1 /home/phormulaone1/piccadilly.kanamon.com/system/Common.php(1119): CodeIgniter\View\View->render('webster', Array, true)
#2 /home/phormulaone1/piccadilly.kanamon.com/app/Controllers/Webs.php(18): view('webster', Array)
#3 /home/phormulaone1/piccadilly.kanamon.com/system/CodeIgniter.php(918): App\Controllers\Webs->index()
#4 /home/phormulaone1/piccadilly.kanamon.com/system/CodeIgniter.php(404): CodeIgniter\CodeIgniter->runController(Object(App\Controllers\Webs))
#5 /home/phormulaone1/piccadilly.kanamon.com/system/CodeIgniter.php(312): CodeIgniter\CodeIgniter->handleRequest(NULL, Object(Config\Cache), false)
#6 /home/phormulaone1/piccadilly.kanamon.com/public/index.php(45): CodeIgniter\CodeIgniter->run()
#7 {main}
CRITICAL - 2020-10-12 08:08:06 --> Cannot use object of type stdClass as array
#0 /home/phormulaone1/piccadilly.kanamon.com/system/View/View.php(246): include()
#1 /home/phormulaone1/piccadilly.kanamon.com/system/Common.php(1119): CodeIgniter\View\View->render('webster', Array, true)
#2 /home/phormulaone1/piccadilly.kanamon.com/app/Controllers/Webs.php(18): view('webster', Array)
#3 /home/phormulaone1/piccadilly.kanamon.com/system/CodeIgniter.php(918): App\Controllers\Webs->index()
#4 /home/phormulaone1/piccadilly.kanamon.com/system/CodeIgniter.php(404): CodeIgniter\CodeIgniter->runController(Object(App\Controllers\Webs))
#5 /home/phormulaone1/piccadilly.kanamon.com/system/CodeIgniter.php(312): CodeIgniter\CodeIgniter->handleRequest(NULL, Object(Config\Cache), false)
#6 /home/phormulaone1/piccadilly.kanamon.com/public/index.php(45): CodeIgniter\CodeIgniter->run()
#7 {main}
CRITICAL - 2020-10-12 08:08:07 --> Cannot use object of type stdClass as array
#0 /home/phormulaone1/piccadilly.kanamon.com/system/View/View.php(246): include()
#1 /home/phormulaone1/piccadilly.kanamon.com/system/Common.php(1119): CodeIgniter\View\View->render('webster', Array, true)
#2 /home/phormulaone1/piccadilly.kanamon.com/app/Controllers/Webs.php(18): view('webster', Array)
#3 /home/phormulaone1/piccadilly.kanamon.com/system/CodeIgniter.php(918): App\Controllers\Webs->index()
#4 /home/phormulaone1/piccadilly.kanamon.com/system/CodeIgniter.php(404): CodeIgniter\CodeIgniter->runController(Object(App\Controllers\Webs))
#5 /home/phormulaone1/piccadilly.kanamon.com/system/CodeIgniter.php(312): CodeIgniter\CodeIgniter->handleRequest(NULL, Object(Config\Cache), false)
#6 /home/phormulaone1/piccadilly.kanamon.com/public/index.php(45): CodeIgniter\CodeIgniter->run()
#7 {main}
CRITICAL - 2020-10-12 08:14:27 --> syntax error, unexpected 'foreach' (T_FOREACH)
#0 /home/phormulaone1/piccadilly.kanamon.com/system/Common.php(1119): CodeIgniter\View\View->render('webster', Array, true)
#1 /home/phormulaone1/piccadilly.kanamon.com/app/Controllers/Webs.php(18): view('webster', Array)
#2 /home/phormulaone1/piccadilly.kanamon.com/system/CodeIgniter.php(918): App\Controllers\Webs->index()
#3 /home/phormulaone1/piccadilly.kanamon.com/system/CodeIgniter.php(404): CodeIgniter\CodeIgniter->runController(Object(App\Controllers\Webs))
#4 /home/phormulaone1/piccadilly.kanamon.com/system/CodeIgniter.php(312): CodeIgniter\CodeIgniter->handleRequest(NULL, Object(Config\Cache), false)
#5 /home/phormulaone1/piccadilly.kanamon.com/public/index.php(45): CodeIgniter\CodeIgniter->run()
#6 {main}
CRITICAL - 2020-10-12 08:14:29 --> syntax error, unexpected 'foreach' (T_FOREACH)
#0 /home/phormulaone1/piccadilly.kanamon.com/system/Common.php(1119): CodeIgniter\View\View->render('webster', Array, true)
#1 /home/phormulaone1/piccadilly.kanamon.com/app/Controllers/Webs.php(18): view('webster', Array)
#2 /home/phormulaone1/piccadilly.kanamon.com/system/CodeIgniter.php(918): App\Controllers\Webs->index()
#3 /home/phormulaone1/piccadilly.kanamon.com/system/CodeIgniter.php(404): CodeIgniter\CodeIgniter->runController(Object(App\Controllers\Webs))
#4 /home/phormulaone1/piccadilly.kanamon.com/system/CodeIgniter.php(312): CodeIgniter\CodeIgniter->handleRequest(NULL, Object(Config\Cache), false)
#5 /home/phormulaone1/piccadilly.kanamon.com/public/index.php(45): CodeIgniter\CodeIgniter->run()
#6 {main}
CRITICAL - 2020-10-12 08:14:31 --> syntax error, unexpected 'foreach' (T_FOREACH)
#0 /home/phormulaone1/piccadilly.kanamon.com/system/Common.php(1119): CodeIgniter\View\View->render('webster', Array, true)
#1 /home/phormulaone1/piccadilly.kanamon.com/app/Controllers/Webs.php(18): view('webster', Array)
#2 /home/phormulaone1/piccadilly.kanamon.com/system/CodeIgniter.php(918): App\Controllers\Webs->index()
#3 /home/phormulaone1/piccadilly.kanamon.com/system/CodeIgniter.php(404): CodeIgniter\CodeIgniter->runController(Object(App\Controllers\Webs))
#4 /home/phormulaone1/piccadilly.kanamon.com/system/CodeIgniter.php(312): CodeIgniter\CodeIgniter->handleRequest(NULL, Object(Config\Cache), false)
#5 /home/phormulaone1/piccadilly.kanamon.com/public/index.php(45): CodeIgniter\CodeIgniter->run()
#6 {main}
CRITICAL - 2020-10-12 08:14:32 --> syntax error, unexpected 'foreach' (T_FOREACH)
#0 /home/phormulaone1/piccadilly.kanamon.com/system/Common.php(1119): CodeIgniter\View\View->render('webster', Array, true)
#1 /home/phormulaone1/piccadilly.kanamon.com/app/Controllers/Webs.php(18): view('webster', Array)
#2 /home/phormulaone1/piccadilly.kanamon.com/system/CodeIgniter.php(918): App\Controllers\Webs->index()
#3 /home/phormulaone1/piccadilly.kanamon.com/system/CodeIgniter.php(404): CodeIgniter\CodeIgniter->runController(Object(App\Controllers\Webs))
#4 /home/phormulaone1/piccadilly.kanamon.com/system/CodeIgniter.php(312): CodeIgniter\CodeIgniter->handleRequest(NULL, Object(Config\Cache), false)
#5 /home/phormulaone1/piccadilly.kanamon.com/public/index.php(45): CodeIgniter\CodeIgniter->run()
#6 {main}
CRITICAL - 2020-10-12 08:14:34 --> syntax error, unexpected 'foreach' (T_FOREACH)
#0 /home/phormulaone1/piccadilly.kanamon.com/system/Common.php(1119): CodeIgniter\View\View->render('webster', Array, true)
#1 /home/phormulaone1/piccadilly.kanamon.com/app/Controllers/Webs.php(18): view('webster', Array)
#2 /home/phormulaone1/piccadilly.kanamon.com/system/CodeIgniter.php(918): App\Controllers\Webs->index()
#3 /home/phormulaone1/piccadilly.kanamon.com/system/CodeIgniter.php(404): CodeIgniter\CodeIgniter->runController(Object(App\Controllers\Webs))
#4 /home/phormulaone1/piccadilly.kanamon.com/system/CodeIgniter.php(312): CodeIgniter\CodeIgniter->handleRequest(NULL, Object(Config\Cache), false)
#5 /home/phormulaone1/piccadilly.kanamon.com/public/index.php(45): CodeIgniter\CodeIgniter->run()
#6 {main}
CRITICAL - 2020-10-12 08:15:05 --> syntax error, unexpected 'foreach' (T_FOREACH)
#0 /home/phormulaone1/piccadilly.kanamon.com/system/Common.php(1119): CodeIgniter\View\View->render('webster', Array, true)
#1 /home/phormulaone1/piccadilly.kanamon.com/app/Controllers/Webs.php(18): view('webster', Array)
#2 /home/phormulaone1/piccadilly.kanamon.com/system/CodeIgniter.php(918): App\Controllers\Webs->index()
#3 /home/phormulaone1/piccadilly.kanamon.com/system/CodeIgniter.php(404): CodeIgniter\CodeIgniter->runController(Object(App\Controllers\Webs))
#4 /home/phormulaone1/piccadilly.kanamon.com/system/CodeIgniter.php(312): CodeIgniter\CodeIgniter->handleRequest(NULL, Object(Config\Cache), false)
#5 /home/phormulaone1/piccadilly.kanamon.com/public/index.php(45): CodeIgniter\CodeIgniter->run()
#6 {main}
CRITICAL - 2020-10-12 08:15:06 --> syntax error, unexpected 'foreach' (T_FOREACH)
#0 /home/phormulaone1/piccadilly.kanamon.com/system/Common.php(1119): CodeIgniter\View\View->render('webster', Array, true)
#1 /home/phormulaone1/piccadilly.kanamon.com/app/Controllers/Webs.php(18): view('webster', Array)
#2 /home/phormulaone1/piccadilly.kanamon.com/system/CodeIgniter.php(918): App\Controllers\Webs->index()
#3 /home/phormulaone1/piccadilly.kanamon.com/system/CodeIgniter.php(404): CodeIgniter\CodeIgniter->runController(Object(App\Controllers\Webs))
#4 /home/phormulaone1/piccadilly.kanamon.com/system/CodeIgniter.php(312): CodeIgniter\CodeIgniter->handleRequest(NULL, Object(Config\Cache), false)
#5 /home/phormulaone1/piccadilly.kanamon.com/public/index.php(45): CodeIgniter\CodeIgniter->run()
#6 {main}
CRITICAL - 2020-10-12 08:15:08 --> syntax error, unexpected 'foreach' (T_FOREACH)
#0 /home/phormulaone1/piccadilly.kanamon.com/system/Common.php(1119): CodeIgniter\View\View->render('webster', Array, true)
#1 /home/phormulaone1/piccadilly.kanamon.com/app/Controllers/Webs.php(18): view('webster', Array)
#2 /home/phormulaone1/piccadilly.kanamon.com/system/CodeIgniter.php(918): App\Controllers\Webs->index()
#3 /home/phormulaone1/piccadilly.kanamon.com/system/CodeIgniter.php(404): CodeIgniter\CodeIgniter->runController(Object(App\Controllers\Webs))
#4 /home/phormulaone1/piccadilly.kanamon.com/system/CodeIgniter.php(312): CodeIgniter\CodeIgniter->handleRequest(NULL, Object(Config\Cache), false)
#5 /home/phormulaone1/piccadilly.kanamon.com/public/index.php(45): CodeIgniter\CodeIgniter->run()
#6 {main}
CRITICAL - 2020-10-12 08:15:52 --> syntax error, unexpected 'foreach' (T_FOREACH)
#0 /home/phormulaone1/piccadilly.kanamon.com/system/Common.php(1119): CodeIgniter\View\View->render('webster', Array, true)
#1 /home/phormulaone1/piccadilly.kanamon.com/app/Controllers/Webs.php(18): view('webster', Array)
#2 /home/phormulaone1/piccadilly.kanamon.com/system/CodeIgniter.php(918): App\Controllers\Webs->index()
#3 /home/phormulaone1/piccadilly.kanamon.com/system/CodeIgniter.php(404): CodeIgniter\CodeIgniter->runController(Object(App\Controllers\Webs))
#4 /home/phormulaone1/piccadilly.kanamon.com/system/CodeIgniter.php(312): CodeIgniter\CodeIgniter->handleRequest(NULL, Object(Config\Cache), false)
#5 /home/phormulaone1/piccadilly.kanamon.com/public/index.php(45): CodeIgniter\CodeIgniter->run()
#6 {main}
CRITICAL - 2020-10-12 08:15:54 --> syntax error, unexpected 'foreach' (T_FOREACH)
#0 /home/phormulaone1/piccadilly.kanamon.com/system/Common.php(1119): CodeIgniter\View\View->render('webster', Array, true)
#1 /home/phormulaone1/piccadilly.kanamon.com/app/Controllers/Webs.php(18): view('webster', Array)
#2 /home/phormulaone1/piccadilly.kanamon.com/system/CodeIgniter.php(918): App\Controllers\Webs->index()
#3 /home/phormulaone1/piccadilly.kanamon.com/system/CodeIgniter.php(404): CodeIgniter\CodeIgniter->runController(Object(App\Controllers\Webs))
#4 /home/phormulaone1/piccadilly.kanamon.com/system/CodeIgniter.php(312): CodeIgniter\CodeIgniter->handleRequest(NULL, Object(Config\Cache), false)
#5 /home/phormulaone1/piccadilly.kanamon.com/public/index.php(45): CodeIgniter\CodeIgniter->run()
#6 {main}
CRITICAL - 2020-10-12 08:15:57 --> syntax error, unexpected 'foreach' (T_FOREACH)
#0 /home/phormulaone1/piccadilly.kanamon.com/system/Common.php(1119): CodeIgniter\View\View->render('webster', Array, true)
#1 /home/phormulaone1/piccadilly.kanamon.com/app/Controllers/Webs.php(18): view('webster', Array)
#2 /home/phormulaone1/piccadilly.kanamon.com/system/CodeIgniter.php(918): App\Controllers\Webs->index()
#3 /home/phormulaone1/piccadilly.kanamon.com/system/CodeIgniter.php(404): CodeIgniter\CodeIgniter->runController(Object(App\Controllers\Webs))
#4 /home/phormulaone1/piccadilly.kanamon.com/system/CodeIgniter.php(312): CodeIgniter\CodeIgniter->handleRequest(NULL, Object(Config\Cache), false)
#5 /home/phormulaone1/piccadilly.kanamon.com/public/index.php(45): CodeIgniter\CodeIgniter->run()
#6 {main}
CRITICAL - 2020-10-12 08:15:59 --> syntax error, unexpected 'foreach' (T_FOREACH)
#0 /home/phormulaone1/piccadilly.kanamon.com/system/Common.php(1119): CodeIgniter\View\View->render('webster', Array, true)
#1 /home/phormulaone1/piccadilly.kanamon.com/app/Controllers/Webs.php(18): view('webster', Array)
#2 /home/phormulaone1/piccadilly.kanamon.com/system/CodeIgniter.php(918): App\Controllers\Webs->index()
#3 /home/phormulaone1/piccadilly.kanamon.com/system/CodeIgniter.php(404): CodeIgniter\CodeIgniter->runController(Object(App\Controllers\Webs))
#4 /home/phormulaone1/piccadilly.kanamon.com/system/CodeIgniter.php(312): CodeIgniter\CodeIgniter->handleRequest(NULL, Object(Config\Cache), false)
#5 /home/phormulaone1/piccadilly.kanamon.com/public/index.php(45): CodeIgniter\CodeIgniter->run()
#6 {main}
CRITICAL - 2020-10-12 08:16:00 --> syntax error, unexpected 'foreach' (T_FOREACH)
#0 /home/phormulaone1/piccadilly.kanamon.com/system/Common.php(1119): CodeIgniter\View\View->render('webster', Array, true)
#1 /home/phormulaone1/piccadilly.kanamon.com/app/Controllers/Webs.php(18): view('webster', Array)
#2 /home/phormulaone1/piccadilly.kanamon.com/system/CodeIgniter.php(918): App\Controllers\Webs->index()
#3 /home/phormulaone1/piccadilly.kanamon.com/system/CodeIgniter.php(404): CodeIgniter\CodeIgniter->runController(Object(App\Controllers\Webs))
#4 /home/phormulaone1/piccadilly.kanamon.com/system/CodeIgniter.php(312): CodeIgniter\CodeIgniter->handleRequest(NULL, Object(Config\Cache), false)
#5 /home/phormulaone1/piccadilly.kanamon.com/public/index.php(45): CodeIgniter\CodeIgniter->run()
#6 {main}
CRITICAL - 2020-10-12 08:16:02 --> syntax error, unexpected 'foreach' (T_FOREACH)
#0 /home/phormulaone1/piccadilly.kanamon.com/system/Common.php(1119): CodeIgniter\View\View->render('webster', Array, true)
#1 /home/phormulaone1/piccadilly.kanamon.com/app/Controllers/Webs.php(18): view('webster', Array)
#2 /home/phormulaone1/piccadilly.kanamon.com/system/CodeIgniter.php(918): App\Controllers\Webs->index()
#3 /home/phormulaone1/piccadilly.kanamon.com/system/CodeIgniter.php(404): CodeIgniter\CodeIgniter->runController(Object(App\Controllers\Webs))
#4 /home/phormulaone1/piccadilly.kanamon.com/system/CodeIgniter.php(312): CodeIgniter\CodeIgniter->handleRequest(NULL, Object(Config\Cache), false)
#5 /home/phormulaone1/piccadilly.kanamon.com/public/index.php(45): CodeIgniter\CodeIgniter->run()
#6 {main}
CRITICAL - 2020-10-12 08:16:19 --> syntax error, unexpected 'foreach' (T_FOREACH)
#0 /home/phormulaone1/piccadilly.kanamon.com/system/Common.php(1119): CodeIgniter\View\View->render('webster', Array, true)
#1 /home/phormulaone1/piccadilly.kanamon.com/app/Controllers/Webs.php(18): view('webster', Array)
#2 /home/phormulaone1/piccadilly.kanamon.com/system/CodeIgniter.php(918): App\Controllers\Webs->index()
#3 /home/phormulaone1/piccadilly.kanamon.com/system/CodeIgniter.php(404): CodeIgniter\CodeIgniter->runController(Object(App\Controllers\Webs))
#4 /home/phormulaone1/piccadilly.kanamon.com/system/CodeIgniter.php(312): CodeIgniter\CodeIgniter->handleRequest(NULL, Object(Config\Cache), false)
#5 /home/phormulaone1/piccadilly.kanamon.com/public/index.php(45): CodeIgniter\CodeIgniter->run()
#6 {main}
CRITICAL - 2020-10-12 08:16:20 --> syntax error, unexpected 'foreach' (T_FOREACH)
#0 /home/phormulaone1/piccadilly.kanamon.com/system/Common.php(1119): CodeIgniter\View\View->render('webster', Array, true)
#1 /home/phormulaone1/piccadilly.kanamon.com/app/Controllers/Webs.php(18): view('webster', Array)
#2 /home/phormulaone1/piccadilly.kanamon.com/system/CodeIgniter.php(918): App\Controllers\Webs->index()
#3 /home/phormulaone1/piccadilly.kanamon.com/system/CodeIgniter.php(404): CodeIgniter\CodeIgniter->runController(Object(App\Controllers\Webs))
#4 /home/phormulaone1/piccadilly.kanamon.com/system/CodeIgniter.php(312): CodeIgniter\CodeIgniter->handleRequest(NULL, Object(Config\Cache), false)
#5 /home/phormulaone1/piccadilly.kanamon.com/public/index.php(45): CodeIgniter\CodeIgniter->run()
#6 {main}
CRITICAL - 2020-10-12 08:16:22 --> syntax error, unexpected 'foreach' (T_FOREACH)
#0 /home/phormulaone1/piccadilly.kanamon.com/system/Common.php(1119): CodeIgniter\View\View->render('webster', Array, true)
#1 /home/phormulaone1/piccadilly.kanamon.com/app/Controllers/Webs.php(18): view('webster', Array)
#2 /home/phormulaone1/piccadilly.kanamon.com/system/CodeIgniter.php(918): App\Controllers\Webs->index()
#3 /home/phormulaone1/piccadilly.kanamon.com/system/CodeIgniter.php(404): CodeIgniter\CodeIgniter->runController(Object(App\Controllers\Webs))
#4 /home/phormulaone1/piccadilly.kanamon.com/system/CodeIgniter.php(312): CodeIgniter\CodeIgniter->handleRequest(NULL, Object(Config\Cache), false)
#5 /home/phormulaone1/piccadilly.kanamon.com/public/index.php(45): CodeIgniter\CodeIgniter->run()
#6 {main}
CRITICAL - 2020-10-12 08:16:24 --> syntax error, unexpected 'foreach' (T_FOREACH)
#0 /home/phormulaone1/piccadilly.kanamon.com/system/Common.php(1119): CodeIgniter\View\View->render('webster', Array, true)
#1 /home/phormulaone1/piccadilly.kanamon.com/app/Controllers/Webs.php(18): view('webster', Array)
#2 /home/phormulaone1/piccadilly.kanamon.com/system/CodeIgniter.php(918): App\Controllers\Webs->index()
#3 /home/phormulaone1/piccadilly.kanamon.com/system/CodeIgniter.php(404): CodeIgniter\CodeIgniter->runController(Object(App\Controllers\Webs))
#4 /home/phormulaone1/piccadilly.kanamon.com/system/CodeIgniter.php(312): CodeIgniter\CodeIgniter->handleRequest(NULL, Object(Config\Cache), false)
#5 /home/phormulaone1/piccadilly.kanamon.com/public/index.php(45): CodeIgniter\CodeIgniter->run()
#6 {main}
CRITICAL - 2020-10-12 08:16:25 --> syntax error, unexpected 'foreach' (T_FOREACH)
#0 /home/phormulaone1/piccadilly.kanamon.com/system/Common.php(1119): CodeIgniter\View\View->render('webster', Array, true)
#1 /home/phormulaone1/piccadilly.kanamon.com/app/Controllers/Webs.php(18): view('webster', Array)
#2 /home/phormulaone1/piccadilly.kanamon.com/system/CodeIgniter.php(918): App\Controllers\Webs->index()
#3 /home/phormulaone1/piccadilly.kanamon.com/system/CodeIgniter.php(404): CodeIgniter\CodeIgniter->runController(Object(App\Controllers\Webs))
#4 /home/phormulaone1/piccadilly.kanamon.com/system/CodeIgniter.php(312): CodeIgniter\CodeIgniter->handleRequest(NULL, Object(Config\Cache), false)
#5 /home/phormulaone1/piccadilly.kanamon.com/public/index.php(45): CodeIgniter\CodeIgniter->run()
#6 {main}
CRITICAL - 2020-10-12 08:16:27 --> syntax error, unexpected 'foreach' (T_FOREACH)
#0 /home/phormulaone1/piccadilly.kanamon.com/system/Common.php(1119): CodeIgniter\View\View->render('webster', Array, true)
#1 /home/phormulaone1/piccadilly.kanamon.com/app/Controllers/Webs.php(18): view('webster', Array)
#2 /home/phormulaone1/piccadilly.kanamon.com/system/CodeIgniter.php(918): App\Controllers\Webs->index()
#3 /home/phormulaone1/piccadilly.kanamon.com/system/CodeIgniter.php(404): CodeIgniter\CodeIgniter->runController(Object(App\Controllers\Webs))
#4 /home/phormulaone1/piccadilly.kanamon.com/system/CodeIgniter.php(312): CodeIgniter\CodeIgniter->handleRequest(NULL, Object(Config\Cache), false)
#5 /home/phormulaone1/piccadilly.kanamon.com/public/index.php(45): CodeIgniter\CodeIgniter->run()
#6 {main}
CRITICAL - 2020-10-12 08:17:41 --> Cannot use object of type stdClass as array
#0 /home/phormulaone1/piccadilly.kanamon.com/system/View/View.php(246): include()
#1 /home/phormulaone1/piccadilly.kanamon.com/system/Common.php(1119): CodeIgniter\View\View->render('webster', Array, true)
#2 /home/phormulaone1/piccadilly.kanamon.com/app/Controllers/Webs.php(18): view('webster', Array)
#3 /home/phormulaone1/piccadilly.kanamon.com/system/CodeIgniter.php(918): App\Controllers\Webs->index()
#4 /home/phormulaone1/piccadilly.kanamon.com/system/CodeIgniter.php(404): CodeIgniter\CodeIgniter->runController(Object(App\Controllers\Webs))
#5 /home/phormulaone1/piccadilly.kanamon.com/system/CodeIgniter.php(312): CodeIgniter\CodeIgniter->handleRequest(NULL, Object(Config\Cache), false)
#6 /home/phormulaone1/piccadilly.kanamon.com/public/index.php(45): CodeIgniter\CodeIgniter->run()
#7 {main}
CRITICAL - 2020-10-12 08:17:44 --> Cannot use object of type stdClass as array
#0 /home/phormulaone1/piccadilly.kanamon.com/system/View/View.php(246): include()
#1 /home/phormulaone1/piccadilly.kanamon.com/system/Common.php(1119): CodeIgniter\View\View->render('webster', Array, true)
#2 /home/phormulaone1/piccadilly.kanamon.com/app/Controllers/Webs.php(18): view('webster', Array)
#3 /home/phormulaone1/piccadilly.kanamon.com/system/CodeIgniter.php(918): App\Controllers\Webs->index()
#4 /home/phormulaone1/piccadilly.kanamon.com/system/CodeIgniter.php(404): CodeIgniter\CodeIgniter->runController(Object(App\Controllers\Webs))
#5 /home/phormulaone1/piccadilly.kanamon.com/system/CodeIgniter.php(312): CodeIgniter\CodeIgniter->handleRequest(NULL, Object(Config\Cache), false)
#6 /home/phormulaone1/piccadilly.kanamon.com/public/index.php(45): CodeIgniter\CodeIgniter->run()
#7 {main}
CRITICAL - 2020-10-12 08:17:47 --> Cannot use object of type stdClass as array
#0 /home/phormulaone1/piccadilly.kanamon.com/system/View/View.php(246): include()
#1 /home/phormulaone1/piccadilly.kanamon.com/system/Common.php(1119): CodeIgniter\View\View->render('webster', Array, true)
#2 /home/phormulaone1/piccadilly.kanamon.com/app/Controllers/Webs.php(18): view('webster', Array)
#3 /home/phormulaone1/piccadilly.kanamon.com/system/CodeIgniter.php(918): App\Controllers\Webs->index()
#4 /home/phormulaone1/piccadilly.kanamon.com/system/CodeIgniter.php(404): CodeIgniter\CodeIgniter->runController(Object(App\Controllers\Webs))
#5 /home/phormulaone1/piccadilly.kanamon.com/system/CodeIgniter.php(312): CodeIgniter\CodeIgniter->handleRequest(NULL, Object(Config\Cache), false)
#6 /home/phormulaone1/piccadilly.kanamon.com/public/index.php(45): CodeIgniter\CodeIgniter->run()
#7 {main}
CRITICAL - 2020-10-12 08:21:51 --> Illegal string offset 'definition'
#0 /home/phormulaone1/piccadilly.kanamon.com/app/Views/webster.php(175): CodeIgniter\Debug\Exceptions->errorHandler(2, 'Illegal string ...', '/home/phormulao...', 175, Array)
#1 /home/phormulaone1/piccadilly.kanamon.com/system/View/View.php(246): include('/home/phormulao...')
#2 /home/phormulaone1/piccadilly.kanamon.com/system/Common.php(1119): CodeIgniter\View\View->render('webster', Array, true)
#3 /home/phormulaone1/piccadilly.kanamon.com/app/Controllers/Webs.php(18): view('webster', Array)
#4 /home/phormulaone1/piccadilly.kanamon.com/system/CodeIgniter.php(918): App\Controllers\Webs->index()
#5 /home/phormulaone1/piccadilly.kanamon.com/system/CodeIgniter.php(404): CodeIgniter\CodeIgniter->runController(Object(App\Controllers\Webs))
#6 /home/phormulaone1/piccadilly.kanamon.com/system/CodeIgniter.php(312): CodeIgniter\CodeIgniter->handleRequest(NULL, Object(Config\Cache), false)
#7 /home/phormulaone1/piccadilly.kanamon.com/public/index.php(45): CodeIgniter\CodeIgniter->run()
#8 {main}
CRITICAL - 2020-10-12 08:21:53 --> Illegal string offset 'definition'
#0 /home/phormulaone1/piccadilly.kanamon.com/app/Views/webster.php(175): CodeIgniter\Debug\Exceptions->errorHandler(2, 'Illegal string ...', '/home/phormulao...', 175, Array)
#1 /home/phormulaone1/piccadilly.kanamon.com/system/View/View.php(246): include('/home/phormulao...')
#2 /home/phormulaone1/piccadilly.kanamon.com/system/Common.php(1119): CodeIgniter\View\View->render('webster', Array, true)
#3 /home/phormulaone1/piccadilly.kanamon.com/app/Controllers/Webs.php(18): view('webster', Array)
#4 /home/phormulaone1/piccadilly.kanamon.com/system/CodeIgniter.php(918): App\Controllers\Webs->index()
#5 /home/phormulaone1/piccadilly.kanamon.com/system/CodeIgniter.php(404): CodeIgniter\CodeIgniter->runController(Object(App\Controllers\Webs))
#6 /home/phormulaone1/piccadilly.kanamon.com/system/CodeIgniter.php(312): CodeIgniter\CodeIgniter->handleRequest(NULL, Object(Config\Cache), false)
#7 /home/phormulaone1/piccadilly.kanamon.com/public/index.php(45): CodeIgniter\CodeIgniter->run()
#8 {main}
CRITICAL - 2020-10-12 08:21:54 --> Illegal string offset 'definition'
#0 /home/phormulaone1/piccadilly.kanamon.com/app/Views/webster.php(175): CodeIgniter\Debug\Exceptions->errorHandler(2, 'Illegal string ...', '/home/phormulao...', 175, Array)
#1 /home/phormulaone1/piccadilly.kanamon.com/system/View/View.php(246): include('/home/phormulao...')
#2 /home/phormulaone1/piccadilly.kanamon.com/system/Common.php(1119): CodeIgniter\View\View->render('webster', Array, true)
#3 /home/phormulaone1/piccadilly.kanamon.com/app/Controllers/Webs.php(18): view('webster', Array)
#4 /home/phormulaone1/piccadilly.kanamon.com/system/CodeIgniter.php(918): App\Controllers\Webs->index()
#5 /home/phormulaone1/piccadilly.kanamon.com/system/CodeIgniter.php(404): CodeIgniter\CodeIgniter->runController(Object(App\Controllers\Webs))
#6 /home/phormulaone1/piccadilly.kanamon.com/system/CodeIgniter.php(312): CodeIgniter\CodeIgniter->handleRequest(NULL, Object(Config\Cache), false)
#7 /home/phormulaone1/piccadilly.kanamon.com/public/index.php(45): CodeIgniter\CodeIgniter->run()
#8 {main}
CRITICAL - 2020-10-12 08:21:55 --> Illegal string offset 'definition'
#0 /home/phormulaone1/piccadilly.kanamon.com/app/Views/webster.php(175): CodeIgniter\Debug\Exceptions->errorHandler(2, 'Illegal string ...', '/home/phormulao...', 175, Array)
#1 /home/phormulaone1/piccadilly.kanamon.com/system/View/View.php(246): include('/home/phormulao...')
#2 /home/phormulaone1/piccadilly.kanamon.com/system/Common.php(1119): CodeIgniter\View\View->render('webster', Array, true)
#3 /home/phormulaone1/piccadilly.kanamon.com/app/Controllers/Webs.php(18): view('webster', Array)
#4 /home/phormulaone1/piccadilly.kanamon.com/system/CodeIgniter.php(918): App\Controllers\Webs->index()
#5 /home/phormulaone1/piccadilly.kanamon.com/system/CodeIgniter.php(404): CodeIgniter\CodeIgniter->runController(Object(App\Controllers\Webs))
#6 /home/phormulaone1/piccadilly.kanamon.com/system/CodeIgniter.php(312): CodeIgniter\CodeIgniter->handleRequest(NULL, Object(Config\Cache), false)
#7 /home/phormulaone1/piccadilly.kanamon.com/public/index.php(45): CodeIgniter\CodeIgniter->run()
#8 {main}
CRITICAL - 2020-10-12 08:31:07 --> Cannot use object of type stdClass as array
#0 /home/phormulaone1/piccadilly.kanamon.com/system/View/View.php(246): include()
#1 /home/phormulaone1/piccadilly.kanamon.com/system/Common.php(1119): CodeIgniter\View\View->render('webster', Array, true)
#2 /home/phormulaone1/piccadilly.kanamon.com/app/Controllers/Webs.php(18): view('webster', Array)
#3 /home/phormulaone1/piccadilly.kanamon.com/system/CodeIgniter.php(918): App\Controllers\Webs->index()
#4 /home/phormulaone1/piccadilly.kanamon.com/system/CodeIgniter.php(404): CodeIgniter\CodeIgniter->runController(Object(App\Controllers\Webs))
#5 /home/phormulaone1/piccadilly.kanamon.com/system/CodeIgniter.php(312): CodeIgniter\CodeIgniter->handleRequest(NULL, Object(Config\Cache), false)
#6 /home/phormulaone1/piccadilly.kanamon.com/public/index.php(45): CodeIgniter\CodeIgniter->run()
#7 {main}
CRITICAL - 2020-10-12 08:31:10 --> Cannot use object of type stdClass as array
#0 /home/phormulaone1/piccadilly.kanamon.com/system/View/View.php(246): include()
#1 /home/phormulaone1/piccadilly.kanamon.com/system/Common.php(1119): CodeIgniter\View\View->render('webster', Array, true)
#2 /home/phormulaone1/piccadilly.kanamon.com/app/Controllers/Webs.php(18): view('webster', Array)
#3 /home/phormulaone1/piccadilly.kanamon.com/system/CodeIgniter.php(918): App\Controllers\Webs->index()
#4 /home/phormulaone1/piccadilly.kanamon.com/system/CodeIgniter.php(404): CodeIgniter\CodeIgniter->runController(Object(App\Controllers\Webs))
#5 /home/phormulaone1/piccadilly.kanamon.com/system/CodeIgniter.php(312): CodeIgniter\CodeIgniter->handleRequest(NULL, Object(Config\Cache), false)
#6 /home/phormulaone1/piccadilly.kanamon.com/public/index.php(45): CodeIgniter\CodeIgniter->run()
#7 {main}
CRITICAL - 2020-10-12 08:31:12 --> Cannot use object of type stdClass as array
#0 /home/phormulaone1/piccadilly.kanamon.com/system/View/View.php(246): include()
#1 /home/phormulaone1/piccadilly.kanamon.com/system/Common.php(1119): CodeIgniter\View\View->render('webster', Array, true)
#2 /home/phormulaone1/piccadilly.kanamon.com/app/Controllers/Webs.php(18): view('webster', Array)
#3 /home/phormulaone1/piccadilly.kanamon.com/system/CodeIgniter.php(918): App\Controllers\Webs->index()
#4 /home/phormulaone1/piccadilly.kanamon.com/system/CodeIgniter.php(404): CodeIgniter\CodeIgniter->runController(Object(App\Controllers\Webs))
#5 /home/phormulaone1/piccadilly.kanamon.com/system/CodeIgniter.php(312): CodeIgniter\CodeIgniter->handleRequest(NULL, Object(Config\Cache), false)
#6 /home/phormulaone1/piccadilly.kanamon.com/public/index.php(45): CodeIgniter\CodeIgniter->run()
#7 {main}
CRITICAL - 2020-10-12 08:37:08 --> Object of class stdClass could not be converted to string
#0 /home/phormulaone1/piccadilly.kanamon.com/system/View/View.php(246): include()
#1 /home/phormulaone1/piccadilly.kanamon.com/system/Common.php(1119): CodeIgniter\View\View->render('webster', Array, true)
#2 /home/phormulaone1/piccadilly.kanamon.com/app/Controllers/Webs.php(18): view('webster', Array)
#3 /home/phormulaone1/piccadilly.kanamon.com/system/CodeIgniter.php(918): App\Controllers\Webs->index()
#4 /home/phormulaone1/piccadilly.kanamon.com/system/CodeIgniter.php(404): CodeIgniter\CodeIgniter->runController(Object(App\Controllers\Webs))
#5 /home/phormulaone1/piccadilly.kanamon.com/system/CodeIgniter.php(312): CodeIgniter\CodeIgniter->handleRequest(NULL, Object(Config\Cache), false)
#6 /home/phormulaone1/piccadilly.kanamon.com/public/index.php(45): CodeIgniter\CodeIgniter->run()
#7 {main}
CRITICAL - 2020-10-12 08:37:10 --> Object of class stdClass could not be converted to string
#0 /home/phormulaone1/piccadilly.kanamon.com/system/View/View.php(246): include()
#1 /home/phormulaone1/piccadilly.kanamon.com/system/Common.php(1119): CodeIgniter\View\View->render('webster', Array, true)
#2 /home/phormulaone1/piccadilly.kanamon.com/app/Controllers/Webs.php(18): view('webster', Array)
#3 /home/phormulaone1/piccadilly.kanamon.com/system/CodeIgniter.php(918): App\Controllers\Webs->index()
#4 /home/phormulaone1/piccadilly.kanamon.com/system/CodeIgniter.php(404): CodeIgniter\CodeIgniter->runController(Object(App\Controllers\Webs))
#5 /home/phormulaone1/piccadilly.kanamon.com/system/CodeIgniter.php(312): CodeIgniter\CodeIgniter->handleRequest(NULL, Object(Config\Cache), false)
#6 /home/phormulaone1/piccadilly.kanamon.com/public/index.php(45): CodeIgniter\CodeIgniter->run()
#7 {main}
CRITICAL - 2020-10-12 08:37:12 --> Object of class stdClass could not be converted to string
#0 /home/phormulaone1/piccadilly.kanamon.com/system/View/View.php(246): include()
#1 /home/phormulaone1/piccadilly.kanamon.com/system/Common.php(1119): CodeIgniter\View\View->render('webster', Array, true)
#2 /home/phormulaone1/piccadilly.kanamon.com/app/Controllers/Webs.php(18): view('webster', Array)
#3 /home/phormulaone1/piccadilly.kanamon.com/system/CodeIgniter.php(918): App\Controllers\Webs->index()
#4 /home/phormulaone1/piccadilly.kanamon.com/system/CodeIgniter.php(404): CodeIgniter\CodeIgniter->runController(Object(App\Controllers\Webs))
#5 /home/phormulaone1/piccadilly.kanamon.com/system/CodeIgniter.php(312): CodeIgniter\CodeIgniter->handleRequest(NULL, Object(Config\Cache), false)
#6 /home/phormulaone1/piccadilly.kanamon.com/public/index.php(45): CodeIgniter\CodeIgniter->run()
#7 {main}
CRITICAL - 2020-10-12 10:07:38 --> syntax error, unexpected ')', expecting ';'
#0 /home/phormulaone1/piccadilly.kanamon.com/system/Autoloader/Autoloader.php(296): CodeIgniter\Autoloader\Autoloader->requireFile('/home/phormulao...')
#1 /home/phormulaone1/piccadilly.kanamon.com/system/Autoloader/Autoloader.php(258): CodeIgniter\Autoloader\Autoloader->loadInNamespace('App\\Models\\Webs...')
#2 [internal function]: CodeIgniter\Autoloader\Autoloader->loadClass('App\\Models\\Webs...')
#3 /home/phormulaone1/piccadilly.kanamon.com/app/Controllers/Webs.php(10): spl_autoload_call('App\\Models\\Webs...')
#4 /home/phormulaone1/piccadilly.kanamon.com/system/CodeIgniter.php(918): App\Controllers\Webs->index()
#5 /home/phormulaone1/piccadilly.kanamon.com/system/CodeIgniter.php(404): CodeIgniter\CodeIgniter->runController(Object(App\Controllers\Webs))
#6 /home/phormulaone1/piccadilly.kanamon.com/system/CodeIgniter.php(312): CodeIgniter\CodeIgniter->handleRequest(NULL, Object(Config\Cache), false)
#7 /home/phormulaone1/piccadilly.kanamon.com/public/index.php(45): CodeIgniter\CodeIgniter->run()
#8 {main}
CRITICAL - 2020-10-12 10:07:40 --> syntax error, unexpected ')', expecting ';'
#0 /home/phormulaone1/piccadilly.kanamon.com/system/Autoloader/Autoloader.php(296): CodeIgniter\Autoloader\Autoloader->requireFile('/home/phormulao...')
#1 /home/phormulaone1/piccadilly.kanamon.com/system/Autoloader/Autoloader.php(258): CodeIgniter\Autoloader\Autoloader->loadInNamespace('App\\Models\\Webs...')
#2 [internal function]: CodeIgniter\Autoloader\Autoloader->loadClass('App\\Models\\Webs...')
#3 /home/phormulaone1/piccadilly.kanamon.com/app/Controllers/Webs.php(10): spl_autoload_call('App\\Models\\Webs...')
#4 /home/phormulaone1/piccadilly.kanamon.com/system/CodeIgniter.php(918): App\Controllers\Webs->index()
#5 /home/phormulaone1/piccadilly.kanamon.com/system/CodeIgniter.php(404): CodeIgniter\CodeIgniter->runController(Object(App\Controllers\Webs))
#6 /home/phormulaone1/piccadilly.kanamon.com/system/CodeIgniter.php(312): CodeIgniter\CodeIgniter->handleRequest(NULL, Object(Config\Cache), false)
#7 /home/phormulaone1/piccadilly.kanamon.com/public/index.php(45): CodeIgniter\CodeIgniter->run()
#8 {main}
CRITICAL - 2020-10-12 10:07:42 --> syntax error, unexpected ')', expecting ';'
#0 /home/phormulaone1/piccadilly.kanamon.com/system/Autoloader/Autoloader.php(296): CodeIgniter\Autoloader\Autoloader->requireFile('/home/phormulao...')
#1 /home/phormulaone1/piccadilly.kanamon.com/system/Autoloader/Autoloader.php(258): CodeIgniter\Autoloader\Autoloader->loadInNamespace('App\\Models\\Webs...')
#2 [internal function]: CodeIgniter\Autoloader\Autoloader->loadClass('App\\Models\\Webs...')
#3 /home/phormulaone1/piccadilly.kanamon.com/app/Controllers/Webs.php(10): spl_autoload_call('App\\Models\\Webs...')
#4 /home/phormulaone1/piccadilly.kanamon.com/system/CodeIgniter.php(918): App\Controllers\Webs->index()
#5 /home/phormulaone1/piccadilly.kanamon.com/system/CodeIgniter.php(404): CodeIgniter\CodeIgniter->runController(Object(App\Controllers\Webs))
#6 /home/phormulaone1/piccadilly.kanamon.com/system/CodeIgniter.php(312): CodeIgniter\CodeIgniter->handleRequest(NULL, Object(Config\Cache), false)
#7 /home/phormulaone1/piccadilly.kanamon.com/public/index.php(45): CodeIgniter\CodeIgniter->run()
#8 {main}
CRITICAL - 2020-10-12 10:08:05 --> syntax error, unexpected ')', expecting ';'
#0 /home/phormulaone1/piccadilly.kanamon.com/system/Autoloader/Autoloader.php(296): CodeIgniter\Autoloader\Autoloader->requireFile('/home/phormulao...')
#1 /home/phormulaone1/piccadilly.kanamon.com/system/Autoloader/Autoloader.php(258): CodeIgniter\Autoloader\Autoloader->loadInNamespace('App\\Models\\Webs...')
#2 [internal function]: CodeIgniter\Autoloader\Autoloader->loadClass('App\\Models\\Webs...')
#3 /home/phormulaone1/piccadilly.kanamon.com/app/Controllers/Webs.php(10): spl_autoload_call('App\\Models\\Webs...')
#4 /home/phormulaone1/piccadilly.kanamon.com/system/CodeIgniter.php(918): App\Controllers\Webs->index()
#5 /home/phormulaone1/piccadilly.kanamon.com/system/CodeIgniter.php(404): CodeIgniter\CodeIgniter->runController(Object(App\Controllers\Webs))
#6 /home/phormulaone1/piccadilly.kanamon.com/system/CodeIgniter.php(312): CodeIgniter\CodeIgniter->handleRequest(NULL, Object(Config\Cache), false)
#7 /home/phormulaone1/piccadilly.kanamon.com/public/index.php(45): CodeIgniter\CodeIgniter->run()
#8 {main}
CRITICAL - 2020-10-12 10:08:07 --> syntax error, unexpected ')', expecting ';'
#0 /home/phormulaone1/piccadilly.kanamon.com/system/Autoloader/Autoloader.php(296): CodeIgniter\Autoloader\Autoloader->requireFile('/home/phormulao...')
#1 /home/phormulaone1/piccadilly.kanamon.com/system/Autoloader/Autoloader.php(258): CodeIgniter\Autoloader\Autoloader->loadInNamespace('App\\Models\\Webs...')
#2 [internal function]: CodeIgniter\Autoloader\Autoloader->loadClass('App\\Models\\Webs...')
#3 /home/phormulaone1/piccadilly.kanamon.com/app/Controllers/Webs.php(10): spl_autoload_call('App\\Models\\Webs...')
#4 /home/phormulaone1/piccadilly.kanamon.com/system/CodeIgniter.php(918): App\Controllers\Webs->index()
#5 /home/phormulaone1/piccadilly.kanamon.com/system/CodeIgniter.php(404): CodeIgniter\CodeIgniter->runController(Object(App\Controllers\Webs))
#6 /home/phormulaone1/piccadilly.kanamon.com/system/CodeIgniter.php(312): CodeIgniter\CodeIgniter->handleRequest(NULL, Object(Config\Cache), false)
#7 /home/phormulaone1/piccadilly.kanamon.com/public/index.php(45): CodeIgniter\CodeIgniter->run()
#8 {main}
CRITICAL - 2020-10-12 10:08:09 --> syntax error, unexpected ')', expecting ';'
#0 /home/phormulaone1/piccadilly.kanamon.com/system/Autoloader/Autoloader.php(296): CodeIgniter\Autoloader\Autoloader->requireFile('/home/phormulao...')
#1 /home/phormulaone1/piccadilly.kanamon.com/system/Autoloader/Autoloader.php(258): CodeIgniter\Autoloader\Autoloader->loadInNamespace('App\\Models\\Webs...')
#2 [internal function]: CodeIgniter\Autoloader\Autoloader->loadClass('App\\Models\\Webs...')
#3 /home/phormulaone1/piccadilly.kanamon.com/app/Controllers/Webs.php(10): spl_autoload_call('App\\Models\\Webs...')
#4 /home/phormulaone1/piccadilly.kanamon.com/system/CodeIgniter.php(918): App\Controllers\Webs->index()
#5 /home/phormulaone1/piccadilly.kanamon.com/system/CodeIgniter.php(404): CodeIgniter\CodeIgniter->runController(Object(App\Controllers\Webs))
#6 /home/phormulaone1/piccadilly.kanamon.com/system/CodeIgniter.php(312): CodeIgniter\CodeIgniter->handleRequest(NULL, Object(Config\Cache), false)
#7 /home/phormulaone1/piccadilly.kanamon.com/public/index.php(45): CodeIgniter\CodeIgniter->run()
#8 {main}
CRITICAL - 2020-10-12 10:08:11 --> syntax error, unexpected ')', expecting ';'
#0 /home/phormulaone1/piccadilly.kanamon.com/system/Autoloader/Autoloader.php(296): CodeIgniter\Autoloader\Autoloader->requireFile('/home/phormulao...')
#1 /home/phormulaone1/piccadilly.kanamon.com/system/Autoloader/Autoloader.php(258): CodeIgniter\Autoloader\Autoloader->loadInNamespace('App\\Models\\Webs...')
#2 [internal function]: CodeIgniter\Autoloader\Autoloader->loadClass('App\\Models\\Webs...')
#3 /home/phormulaone1/piccadilly.kanamon.com/app/Controllers/Webs.php(10): spl_autoload_call('App\\Models\\Webs...')
#4 /home/phormulaone1/piccadilly.kanamon.com/system/CodeIgniter.php(918): App\Controllers\Webs->index()
#5 /home/phormulaone1/piccadilly.kanamon.com/system/CodeIgniter.php(404): CodeIgniter\CodeIgniter->runController(Object(App\Controllers\Webs))
#6 /home/phormulaone1/piccadilly.kanamon.com/system/CodeIgniter.php(312): CodeIgniter\CodeIgniter->handleRequest(NULL, Object(Config\Cache), false)
#7 /home/phormulaone1/piccadilly.kanamon.com/public/index.php(45): CodeIgniter\CodeIgniter->run()
#8 {main}
